  game.cpp
C:\temp\Tutorial\Tutorial\game.cpp(28,41): warning C4244: 'argument': conversion from 'int' to 'float', possible loss of data
C:\temp\Tutorial\Tutorial\game.cpp(29,41): warning C4244: 'argument': conversion from 'int' to 'float', possible loss of data
C:\temp\Tutorial\Tutorial\game.cpp(122,30): warning C4244: 'argument': conversion from 'int' to 'float', possible loss of data
C:\temp\Tutorial\Tutorial\game.cpp(123,30): warning C4244: 'argument': conversion from 'int' to 'float', possible loss of data
C:\temp\Tutorial\Tutorial\game.cpp(174,30): warning C4244: 'argument': conversion from 'int' to 'float', possible loss of data
C:\temp\Tutorial\Tutorial\game.cpp(175,30): warning C4244: 'argument': conversion from 'int' to 'float', possible loss of data
C:\temp\Tutorial\Tutorial\game.cpp(193,49): warning C4244: 'argument': conversion from 'int' to 'float', possible loss of data
C:\temp\Tutorial\Tutorial\game.cpp(193,91): warning C4244: 'argument': conversion from 'int' to 'float', possible loss of data
C:\temp\Tutorial\Tutorial\game.cpp(194,41): warning C4244: 'argument': conversion from 'int' to 'float', possible loss of data
C:\temp\Tutorial\Tutorial\game.cpp(195,41): warning C4244: 'argument': conversion from 'int' to 'float', possible loss of data
C:\temp\Tutorial\Tutorial\game.cpp(228,38): warning C4244: 'argument': conversion from 'int' to 'float', possible loss of data
C:\temp\Tutorial\Tutorial\game.cpp(228,68): warning C4244: 'argument': conversion from 'int' to 'float', possible loss of data
C:\temp\Tutorial\Tutorial\game.cpp(241,30): warning C4244: 'argument': conversion from 'int' to 'float', possible loss of data
C:\temp\Tutorial\Tutorial\game.cpp(242,30): warning C4244: 'argument': conversion from 'int' to 'float', possible loss of data
C:\temp\Tutorial\Tutorial\game.cpp(265,39): warning C4244: 'argument': conversion from 'int' to 'float', possible loss of data
C:\temp\Tutorial\Tutorial\game.cpp(265,69): warning C4244: 'argument': conversion from 'int' to 'float', possible loss of data
C:\temp\Tutorial\Tutorial\game.cpp(279,30): warning C4244: 'argument': conversion from 'int' to 'float', possible loss of data
C:\temp\Tutorial\Tutorial\game.cpp(280,30): warning C4244: 'argument': conversion from 'int' to 'float', possible loss of data
C:\temp\Tutorial\Tutorial\game.cpp(303,38): warning C4244: 'argument': conversion from 'int' to 'float', possible loss of data
C:\temp\Tutorial\Tutorial\game.cpp(303,68): warning C4244: 'argument': conversion from 'int' to 'float', possible loss of data
  moviebutton.cpp
C:\temp\Tutorial\Tutorial\moviebutton.cpp(50,16): warning C4244: 'argument': conversion from 'float' to 'const _Elem', possible loss of data
          with
          [
              _Elem=char
          ]
C:\temp\Tutorial\Tutorial\moviebutton.cpp(99,16): warning C4244: 'argument': conversion from 'float' to 'const _Elem', possible loss of data
          with
          [
              _Elem=char
          ]
C:\temp\Tutorial\Tutorial\moviebutton.cpp(149,15): warning C4244: 'argument': conversion from 'float' to 'const _Elem', possible loss of data
          with
          [
              _Elem=char
          ]
  Generating code
  0 of 189 functions ( 0.0%) were compiled, the rest were copied from previous compilation.
    0 functions were new in current compilation
    0 functions had inline decision re-evaluated but remain unchanged
  Finished generating code
  Tutorial.vcxproj -> C:\temp\Tutorial\bin\Tutorial.exe
